2023/12/07 10:45:57 wazuh-monitord: INFO: Starting new log after rotation.
2023/12/07 10:45:57 wazuh-monitord: INFO: No previous md5 checksum found: 'logs/archives/2023/Dec/ossec-archive-06.log.sum'. Starting over.
2023/12/07 10:45:57 wazuh-monitord: INFO: No previous sha1 checksum found: 'logs/archives/2023/Dec/ossec-archive-06.log.sum'. Starting over.
2023/12/07 10:45:57 wazuh-monitord: INFO: No previous sha256 checksum found: 'logs/archives/2023/Dec/ossec-archive-06.log.sum'. Starting over.
2023/12/07 10:45:57 wazuh-monitord: INFO: No previous md5 checksum found: 'logs/archives/2023/Dec/ossec-archive-06.json.sum'. Starting over.
2023/12/07 10:45:57 wazuh-monitord: INFO: No previous sha1 checksum found: 'logs/archives/2023/Dec/ossec-archive-06.json.sum'. Starting over.
2023/12/07 10:45:57 wazuh-monitord: INFO: No previous sha256 checksum found: 'logs/archives/2023/Dec/ossec-archive-06.json.sum'. Starting over.
2023/12/07 10:45:57 wazuh-monitord: INFO: No previous md5 checksum found: 'logs/alerts/2023/Dec/ossec-alerts-06.log.sum'. Starting over.
2023/12/07 10:45:57 wazuh-monitord: INFO: No previous sha1 checksum found: 'logs/alerts/2023/Dec/ossec-alerts-06.log.sum'. Starting over.
2023/12/07 10:45:57 wazuh-monitord: INFO: No previous sha256 checksum found: 'logs/alerts/2023/Dec/ossec-alerts-06.log.sum'. Starting over.
2023/12/07 10:45:57 wazuh-monitord: INFO: No previous md5 checksum found: 'logs/alerts/2023/Dec/ossec-alerts-06.json.sum'. Starting over.
2023/12/07 10:45:57 wazuh-monitord: INFO: No previous sha1 checksum found: 'logs/alerts/2023/Dec/ossec-alerts-06.json.sum'. Starting over.
2023/12/07 10:45:57 wazuh-monitord: INFO: No previous sha256 checksum found: 'logs/alerts/2023/Dec/ossec-alerts-06.json.sum'. Starting over.
2023/12/07 10:45:58 wazuh-monitord: INFO: No previous md5 checksum found: 'logs/firewall/2023/Dec/ossec-firewall-06.log.sum'. Starting over.
2023/12/07 10:45:58 wazuh-monitord: INFO: No previous sha1 checksum found: 'logs/firewall/2023/Dec/ossec-firewall-06.log.sum'. Starting over.
2023/12/07 10:45:58 wazuh-monitord: INFO: No previous sha256 checksum found: 'logs/firewall/2023/Dec/ossec-firewall-06.log.sum'. Starting over.
2023/12/07 10:47:18 rootcheck: INFO: Ending rootcheck scan.
2023/12/07 11:00:53 wazuh-modulesd:syscollector: INFO: Starting evaluation.
2023/12/07 11:01:13 wazuh-modulesd:syscollector: INFO: Evaluation finished.
2023/12/07 11:59:20 wazuh-remoted: WARNING: Agent key already in use: agent ID '001'
2023/12/07 11:59:20 wazuh-remoted: WARNING: Agent key already in use: agent ID '005'
2023/12/07 11:59:22 wazuh-remoted: WARNING: Agent key already in use: agent ID '003'
2023/12/07 11:59:30 wazuh-remoted: WARNING: Agent key already in use: agent ID '001'
2023/12/07 11:59:30 wazuh-remoted: WARNING: Agent key already in use: agent ID '005'
2023/12/07 11:59:32 wazuh-remoted: WARNING: Agent key already in use: agent ID '003'
2023/12/07 11:59:40 wazuh-remoted: WARNING: Agent key already in use: agent ID '001'
2023/12/07 11:59:40 wazuh-remoted: WARNING: Agent key already in use: agent ID '005'
2023/12/07 11:59:42 wazuh-remoted: WARNING: Agent key already in use: agent ID '003'
2023/12/07 12:01:14 wazuh-modulesd:syscollector: INFO: Starting evaluation.
2023/12/07 12:01:30 wazuh-modulesd:syscollector: INFO: Evaluation finished.
2023/12/07 12:30:00 wazuh-remoted: ERROR: TCP peer [12]: No route to host (113)
2023/12/07 12:30:18 wazuh-remoted: ERROR: TCP peer [20]: No route to host (113)
2023/12/07 14:19:09 wazuh-modulesd:syscollector: INFO: Starting evaluation.
2023/12/07 14:19:19 wazuh-modulesd:syscollector: INFO: Evaluation finished.
2023/12/07 15:03:52 wazuh-modulesd:syscollector: INFO: Stop received for Syscollector.
2023/12/07 15:03:52 wazuh-modulesd:syscollector: INFO: Module finished.
2023/12/07 15:03:52 wazuh-monitord: INFO: (1225): SIGNAL [(15)-(Terminated)] Received. Exit Cleaning...
2023/12/07 15:03:52 wazuh-logcollector: INFO: (1225): SIGNAL [(15)-(Terminated)] Received. Exit Cleaning...
2023/12/07 15:03:52 wazuh-remoted: INFO: (1225): SIGNAL [(15)-(Terminated)] Received. Exit Cleaning...
2023/12/07 15:03:53 wazuh-syscheckd: INFO: (1756): Shutdown received. Releasing resources.
2023/12/07 15:03:53 wazuh-syscheckd: INFO: (1225): SIGNAL [(15)-(Terminated)] Received. Exit Cleaning...
2023/12/07 15:03:53 wazuh-analysisd: INFO: (1225): SIGNAL [(15)-(Terminated)] Received. Exit Cleaning...
2023/12/07 15:03:53 wazuh-execd: INFO: (1314): Shutdown received. Deleting responses.
2023/12/07 15:03:53 wazuh-execd: INFO: (1225): SIGNAL [(15)-(Terminated)] Received. Exit Cleaning...
2023/12/07 15:03:53 wazuh-db: INFO: (1225): SIGNAL [(15)-(Terminated)] Received. Exit Cleaning...
2023/12/07 15:03:54 wazuh-authd: INFO: (1225): SIGNAL [(15)-(Terminated)] Received. Exit Cleaning...
2023/12/07 15:03:55 wazuh-authd: INFO: Exiting...
2023/12/07 15:03:58 wazuh-csyslogd: INFO: Remote syslog server not configured. Clean exit.
2023/12/07 15:03:58 wazuh-dbd: INFO: Database not configured. Clean exit.
2023/12/07 15:03:58 wazuh-integratord: INFO: Remote integrations not configured. Clean exit.
2023/12/07 15:03:58 wazuh-agentlessd: INFO: Not configured. Exiting.
2023/12/07 15:03:58 wazuh-authd: INFO: Started (pid: 75276).
2023/12/07 15:03:58 wazuh-authd: INFO: Accepting connections on port 1515. No password required.
2023/12/07 15:03:58 wazuh-authd: INFO: Setting network timeout to 1.000000 sec.
2023/12/07 15:03:59 wazuh-db: INFO: Started (pid: 75293).
2023/12/07 15:04:00 wazuh-execd: INFO: Started (pid: 75316).
2023/12/07 15:04:02 wazuh-analysisd: INFO: Total rules enabled: '6779'
2023/12/07 15:04:02 wazuh-analysisd: INFO: Started (pid: 75331).
2023/12/07 15:04:02 wazuh-analysisd: INFO: (7200): Logtest started
2023/12/07 15:04:02 wazuh-analysisd: INFO: EPS limit disabled
2023/12/07 15:04:03 wazuh-syscheckd: INFO: Started (pid: 75386).
2023/12/07 15:04:03 wazuh-syscheckd: INFO: (6003): Monitoring path: '/bin', with options 'size | permissions | owner | group | mtime | inode | hash_md5 | hash_sha1 | hash_sha256 | scheduled'.
2023/12/07 15:04:03 wazuh-syscheckd: INFO: (6003): Monitoring path: '/boot', with options 'size | permissions | owner | group | mtime | inode | hash_md5 | hash_sha1 | hash_sha256 | scheduled'.
2023/12/07 15:04:03 wazuh-syscheckd: INFO: (6003): Monitoring path: '/etc', with options 'size | permissions | owner | group | mtime | inode | hash_md5 | hash_sha1 | hash_sha256 | scheduled'.
2023/12/07 15:04:03 wazuh-syscheckd: INFO: (6003): Monitoring path: '/sbin', with options 'size | permissions | owner | group | mtime | inode | hash_md5 | hash_sha1 | hash_sha256 | scheduled'.
2023/12/07 15:04:03 wazuh-syscheckd: INFO: (6003): Monitoring path: '/usr/bin', with options 'size | permissions | owner | group | mtime | inode | hash_md5 | hash_sha1 | hash_sha256 | scheduled'.
2023/12/07 15:04:03 wazuh-syscheckd: INFO: (6003): Monitoring path: '/usr/sbin', with options 'size | permissions | owner | group | mtime | inode | hash_md5 | hash_sha1 | hash_sha256 | scheduled'.
2023/12/07 15:04:03 wazuh-syscheckd: INFO: (6206): Ignore 'file' entry '/etc/mtab'
2023/12/07 15:04:03 wazuh-syscheckd: INFO: (6206): Ignore 'file' entry '/etc/hosts.deny'
2023/12/07 15:04:03 wazuh-syscheckd: INFO: (6206): Ignore 'file' entry '/etc/mail/statistics'
2023/12/07 15:04:03 wazuh-syscheckd: INFO: (6206): Ignore 'file' entry '/etc/random-seed'
2023/12/07 15:04:03 wazuh-syscheckd: INFO: (6206): Ignore 'file' entry '/etc/random.seed'
2023/12/07 15:04:03 wazuh-syscheckd: INFO: (6206): Ignore 'file' entry '/etc/adjtime'
2023/12/07 15:04:03 wazuh-syscheckd: INFO: (6206): Ignore 'file' entry '/etc/httpd/logs'
2023/12/07 15:04:03 wazuh-syscheckd: INFO: (6206): Ignore 'file' entry '/etc/utmpx'
2023/12/07 15:04:03 wazuh-syscheckd: INFO: (6206): Ignore 'file' entry '/etc/wtmpx'
2023/12/07 15:04:03 wazuh-syscheckd: INFO: (6206): Ignore 'file' entry '/etc/cups/certs'
2023/12/07 15:04:03 wazuh-syscheckd: INFO: (6206): Ignore 'file' entry '/etc/dumpdates'
2023/12/07 15:04:03 wazuh-syscheckd: INFO: (6206): Ignore 'file' entry '/etc/svc/volatile'
2023/12/07 15:04:03 wazuh-syscheckd: INFO: (6207): Ignore 'file' sregex '.log$|.swp$'
2023/12/07 15:04:03 wazuh-syscheckd: INFO: (6004): No diff for file: '/etc/ssl/private.key'
2023/12/07 15:04:03 wazuh-syscheckd: INFO: (6000): Starting daemon...
2023/12/07 15:04:03 wazuh-syscheckd: INFO: (6010): File integrity monitoring scan frequency: 43200 seconds
2023/12/07 15:04:03 wazuh-syscheckd: INFO: (6008): File integrity monitoring scan started.
2023/12/07 15:04:03 rootcheck: INFO: Starting rootcheck scan.
2023/12/07 15:04:04 wazuh-remoted: INFO: Started (pid: 75404). Listening on port 1514/TCP (secure).
2023/12/07 15:04:04 wazuh-remoted: INFO: (1410): Reading authentication keys file.
2023/12/07 15:04:04 wazuh-syscheckd: INFO: (6009): File integrity monitoring scan ended.
2023/12/07 15:04:04 wazuh-syscheckd: INFO: FIM sync module started.
2023/12/07 15:04:05 wazuh-logcollector: INFO: Monitoring output of command(360): df -P
2023/12/07 15:04:05 wazuh-logcollector: INFO: Monitoring full output of command(360): netstat -tulpn | sed 's/\([[:alnum:]]\+\)\ \+[[:digit:]]\+\ \+[[:digit:]]\+\ \+\(.*\):\([[:digit:]]*\)\ \+\([0-9\.\:\*]\+\).\+\ \([[:digit:]]*\/[[:alnum:]\-]*\).*/\1 \2 == \3 == \4 \5/' | sort -k 4 -g | sed 's/ == \(.*\) ==/:\1/' | sed 1,2d
2023/12/07 15:04:05 wazuh-logcollector: INFO: Monitoring full output of command(360): last -n 20
2023/12/07 15:04:05 wazuh-logcollector: INFO: (1950): Analyzing file: '/var/ossec/logs/active-responses.log'.
2023/12/07 15:04:05 wazuh-logcollector: INFO: (1950): Analyzing file: '/var/log/dpkg.log'.
2023/12/07 15:04:05 wazuh-logcollector: INFO: Started (pid: 75472).
2023/12/07 15:04:06 wazuh-monitord: INFO: Started (pid: 75517).
2023/12/07 15:04:07 wazuh-modulesd: INFO: Started (pid: 75563).
2023/12/07 15:04:07 wazuh-modulesd:agent-upgrade: INFO: (8153): Module Agent Upgrade started.
2023/12/07 15:04:07 wazuh-modulesd:osquery: INFO: Module disabled. Exiting...
2023/12/07 15:04:07 sca: INFO: Module started.
2023/12/07 15:04:07 sca: INFO: No policies defined. Exiting.
2023/12/07 15:04:07 wazuh-modulesd:ciscat: INFO: Module disabled. Exiting...
2023/12/07 15:04:07 wazuh-modulesd:task-manager: INFO: (8200): Module Task Manager started.
2023/12/07 15:04:07 wazuh-modulesd:database: INFO: Module started.
2023/12/07 15:04:07 wazuh-modulesd:syscollector: INFO: Module started.
2023/12/07 15:04:07 wazuh-modulesd:syscollector: INFO: Starting evaluation.
2023/12/07 15:04:07 wazuh-modulesd:download: INFO: Module started.
2023/12/07 15:04:07 wazuh-modulesd:control: INFO: Starting control thread.
2023/12/07 15:04:07 wazuh-modulesd:syscollector: INFO: Evaluation finished.
2023/12/07 15:05:34 rootcheck: INFO: Ending rootcheck scan.
